<?xml version="1.0" encoding="UTF-8"?>
<testng-results ignored="1" total="2" passed="1" failed="0" skipped="0">
  <reporter-output>
  </reporter-output>
  <suite started-at="2022-12-07T14:57:27 IST" name="Default suite" finished-at="2022-12-07T14:57:42 IST" duration-ms="15351">
    <groups>
    </groups>
    <test started-at="2022-12-07T14:57:27 IST" name="Default test" finished-at="2022-12-07T14:57:42 IST" duration-ms="15351">
      <class name="Demo.Demo1">
        <test-method is-config="true" signature="setUp()[pri:0, instance:Demo.Demo1@e15b7e8]" started-at="2022-12-07T14:57:27 IST" name="setUp" finished-at="2022-12-07T14:57:29 IST" duration-ms="2781" status="PASS">
          <reporter-output>
          </reporter-output>
        </test-method> <!-- setUp -->
        <test-method signature="verifytest()[pri:0, instance:Demo.Demo1@e15b7e8]" started-at="2022-12-07T14:57:30 IST" name="verifytest" finished-at="2022-12-07T14:57:41 IST" duration-ms="11831" status="PASS">
          <reporter-output>
          </reporter-output>
        </test-method> <!-- verifytest -->
        <test-method is-config="true" signature="tearDown()[pri:0, instance:Demo.Demo1@e15b7e8]" started-at="2022-12-07T14:57:41 IST" name="tearDown" finished-at="2022-12-07T14:57:42 IST" duration-ms="705" status="PASS">
          <reporter-output>
          </reporter-output>
        </test-method> <!-- tearDown -->
      </class> <!-- Demo.Demo1 -->
    </test> <!-- Default test -->
  </suite> <!-- Default suite -->
</testng-results>
