<?xml version="1.0" encoding="UTF-8"?>
<testng-results ignored="1" total="2" passed="1" failed="0" skipped="0">
  <reporter-output>
  </reporter-output>
  <suite started-at="2022-12-12T16:59:37 IST" name="Default suite" finished-at="2022-12-12T16:59:53 IST" duration-ms="16558">
    <groups>
    </groups>
    <test started-at="2022-12-12T16:59:37 IST" name="Default test" finished-at="2022-12-12T16:59:53 IST" duration-ms="16558">
      <class name="Demo.Demo1">
        <test-method is-config="true" signature="setUp()[pri:0, instance:Demo.Demo1@e15b7e8]" started-at="2022-12-12T16:59:37 IST" name="setUp" finished-at="2022-12-12T16:59:40 IST" duration-ms="3351" status="PASS">
          <reporter-output>
          </reporter-output>
        </test-method> <!-- setUp -->
        <test-method signature="verifytest()[pri:0, instance:Demo.Demo1@e15b7e8]" started-at="2022-12-12T16:59:40 IST" name="verifytest" finished-at="2022-12-12T16:59:53 IST" duration-ms="12549" status="PASS">
          <reporter-output>
          </reporter-output>
        </test-method> <!-- verifytest -->
        <test-method is-config="true" signature="tearDown()[pri:0, instance:Demo.Demo1@e15b7e8]" started-at="2022-12-12T16:59:53 IST" name="tearDown" finished-at="2022-12-12T16:59:53 IST" duration-ms="610" status="PASS">
          <reporter-output>
          </reporter-output>
        </test-method> <!-- tearDown -->
      </class> <!-- Demo.Demo1 -->
    </test> <!-- Default test -->
  </suite> <!-- Default suite -->
</testng-results>
